[debug] [2023-03-23T08:32:13.714Z] ----------------------------------------------------------------------
[debug] [2023-03-23T08:32:13.716Z] Command:       E:\NodeJs\node.exe C:\Users\Sumukha\AppData\Roaming\npm\node_modules\firebase-tools\lib\bin\firebase.js init
[debug] [2023-03-23T08:32:13.716Z] CLI Version:   11.25.1
[debug] [2023-03-23T08:32:13.716Z] Platform:      win32
[debug] [2023-03-23T08:32:13.716Z] Node Version:  v18.14.0
[debug] [2023-03-23T08:32:13.717Z] Time:          Thu Mar 23 2023 14:02:13 GMT+0530 (India Standard Time)
[debug] [2023-03-23T08:32:13.717Z] ----------------------------------------------------------------------
[debug] 
[debug] [2023-03-23T08:32:13.721Z] > command requires scopes: ["email","openid","https://www.googleapis.com/auth/cloudplatformprojects.readonly","https://www.googleapis.com/auth/firebase","https://www.googleapis.com/auth/cloud-platform"]
[debug] [2023-03-23T08:32:13.721Z] > authorizing via signed-in user (sumukhbhat12@gmail.com)
[info] 
     ######## #### ########  ######## ########     ###     ######  ########
     ##        ##  ##     ## ##       ##     ##  ##   ##  ##       ##
     ######    ##  ########  ######   ########  #########  ######  ######
     ##        ##  ##    ##  ##       ##     ## ##     ##       ## ##
     ##       #### ##     ## ######## ########  ##     ##  ######  ########

You're about to initialize a Firebase project in this directory:

  E:\ReactJs\social-media-react-app

[info] 
=== Project Setup
[info] 
[info] First, let's associate this project directory with a Firebase project.
[info] You can create multiple project aliases by running firebase use --add, 
[info] but for now we'll just set up a default project.
[info] 
[debug] [2023-03-23T08:33:39.879Z] >>> [apiv2][query] GET https://firebase.googleapis.com/v1beta1/projects pageSize=100
[debug] [2023-03-23T08:33:40.710Z] <<< [apiv2][status] GET https://firebase.googleapis.com/v1beta1/projects 200
[debug] [2023-03-23T08:33:40.711Z] <<< [apiv2][body] GET https://firebase.googleapis.com/v1beta1/projects [omitted]
[info] i  Using project social-media-react-app-5b90c (social-media-react-app) 
[info] 
=== Hosting Setup
[info] 
[info] Your public directory is the folder (relative to your project directory) that
[info] will contain Hosting assets to be uploaded with firebase deploy. If you
[info] have a build process for your assets, use your build's output directory.
[info] 
[info] +  Wrote public/404.html 
[debug] [2023-03-23T08:35:23.382Z] >>> [apiv2][query] GET https://www.gstatic.com/firebasejs/releases.json [none]
[debug] [2023-03-23T08:35:23.591Z] <<< [apiv2][status] GET https://www.gstatic.com/firebasejs/releases.json 200
[debug] [2023-03-23T08:35:23.592Z] <<< [apiv2][body] GET https://www.gstatic.com/firebasejs/releases.json {"current":{"version":"9.18.0","browserURL":"https://www.gstatic.com/firebasejs/9.18.0/firebase.js","packageURL":"https://www.gstatic.com/firebasejs/9.18.0/firebase.tgz"},"live":{"version":"9.18","browserURL":"https://www.gstatic.com/firebasejs/live/9.18/firebase.js","packageURL":"https://www.gstatic.com/firebasejs/live/9.18/firebase.tgz"},"components":{"analytics":"https://www.gstatic.com/firebasejs/9.18.0/firebase-analytics.js","app":"https://www.gstatic.com/firebasejs/9.18.0/firebase-app.js","app-check":"https://www.gstatic.com/firebasejs/9.18.0/firebase-app-check.js","auth":"https://www.gstatic.com/firebasejs/9.18.0/firebase-auth.js","auth/cordova":"https://www.gstatic.com/firebasejs/9.18.0/firebase-auth/cordova.js","auth/react-native":"https://www.gstatic.com/firebasejs/9.18.0/firebase-auth/react-native.js","functions":"https://www.gstatic.com/firebasejs/9.18.0/firebase-functions.js","firestore":"https://www.gstatic.com/firebasejs/9.18.0/firebase-firestore.js","firestore/lite":"https://www.gstatic.com/firebasejs/9.18.0/firebase-firestore/lite.js","installations":"https://www.gstatic.com/firebasejs/9.18.0/firebase-installations.js","storage":"https://www.gstatic.com/firebasejs/9.18.0/firebase-storage.js","performance":"https://www.gstatic.com/firebasejs/9.18.0/firebase-performance.js","remote-config":"https://www.gstatic.com/firebasejs/9.18.0/firebase-remote-config.js","messaging":"https://www.gstatic.com/firebasejs/9.18.0/firebase-messaging.js","messaging/sw":"https://www.gstatic.com/firebasejs/9.18.0/firebase-messaging/sw.js","database":"https://www.gstatic.com/firebasejs/9.18.0/firebase-database.js","firestore.memory":"https://www.gstatic.com/firebasejs/9.18.0/firebase-firestore.memory.js"}}
[info] i  Skipping write of public/index.html 
[info] 
[info] i  Detected a .git folder at E:\ReactJs\social-media-react-app 
[info] i  Authorizing with GitHub to upload your service account to a GitHub repository's secrets store. 
[info] 
[info] Visit this URL on this device to log in:
[info] https://github.com/login/oauth/authorize?client_id=89cf50f02ac6aaed3484&state=748430397&redirect_uri=http%3A%2F%2Flocalhost%3A9005&scope=read%3Auser%20repo%20public_repo
[info] 
[info] Waiting for authentication...
[debug] [2023-03-23T08:35:59.690Z] >>> [apiv2][query] POST https://github.com/login/oauth/access_token [none]
[debug] [2023-03-23T08:35:59.691Z] >>> [apiv2][body] POST https://github.com/login/oauth/access_token [stream]
[debug] [2023-03-23T08:36:00.462Z] <<< [apiv2][status] POST https://github.com/login/oauth/access_token 200
[debug] [2023-03-23T08:36:00.462Z] <<< [apiv2][body] POST https://github.com/login/oauth/access_token {"access_token":"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","token_type":"bearer","scope":"read:user,repo"}
[debug] [2023-03-23T08:36:00.477Z] >>> [apiv2][query] GET https://api.github.com/user [none]
[debug] [2023-03-23T08:36:01.507Z] <<< [apiv2][status] GET https://api.github.com/user 200
[debug] [2023-03-23T08:36:01.507Z] <<< [apiv2][body] GET https://api.github.com/user {"login":"sumukhbhat12","id":96541697,"node_id":"U_kgDOBcEcAQ","avatar_url":"https://avatars.githubusercontent.com/u/96541697?v=4","gravatar_id":"","url":"https://api.github.com/users/sumukhbhat12","html_url":"https://github.com/sumukhbhat12","followers_url":"https://api.github.com/users/sumukhbhat12/followers","following_url":"https://api.github.com/users/sumukhbhat12/following{/other_user}","gists_url":"https://api.github.com/users/sumukhbhat12/gists{/gist_id}","starred_url":"https://api.github.com/users/sumukhbhat12/starred{/owner}{/repo}","subscriptions_url":"https://api.github.com/users/sumukhbhat12/subscriptions","organizations_url":"https://api.github.com/users/sumukhbhat12/orgs","repos_url":"https://api.github.com/users/sumukhbhat12/repos","events_url":"https://api.github.com/users/sumukhbhat12/events{/privacy}","received_events_url":"https://api.github.com/users/sumukhbhat12/received_events","type":"User","site_admin":false,"name":null,"company":null,"blog":"","location":null,"email":null,"hireable":null,"bio":null,"twitter_username":null,"public_repos":12,"public_gists":0,"followers":3,"following":3,"created_at":"2021-12-22T16:53:48Z","updated_at":"2023-02-25T07:38:13Z","private_gists":0,"total_private_repos":0,"owned_private_repos":0,"disk_usage":12083,"collaborators":0,"two_factor_authentication":false,"plan":{"name":"free","space":976562499,"collaborators":0,"private_repos":10000}}
[info] 
[info] +  Success! Logged into GitHub as sumukhbhat12 
[info] 
